# JRE version: Java(TM) SE Runtime Environment (8.0_211-b12) (build 1.8.0_211-b12)
# Java VM: Java HotSpot(TM) 64-Bit Server VM (25.211-b12 mixed mode windows-amd64 compressed oops)
Heap:
 PSYoungGen      total 119808K, used 18432K [0x00000000f5580000, 0x00000000ff880000, 0x0000000100000000)
  eden space 71680K, 0% used [0x00000000f5580000,0x00000000f5580000,0x00000000f9b80000)
  from space 48128K, 38% used [0x00000000fc980000,0x00000000fdb80030,0x00000000ff880000)
  to   space 47104K, 0% used [0x00000000f9b80000,0x00000000f9b80000,0x00000000fc980000)
 ParOldGen       total 175104K, used 164639K [0x00000000e0000000, 0x00000000eab00000, 0x00000000f5580000)
  object space 175104K, 94% used [0x00000000e0000000,0x00000000ea0c7eb8,0x00000000eab00000)
 Metaspace       used 77824K, capacity 83383K, committed 83456K, reserved 1120256K
  class space    used 10501K, capacity 11773K, committed 11776K, reserved 1048576K
GC Heap History (10 events):
Event: 312.830 GC heap after
Heap after GC invocations=31 (full 3):
 PSYoungGen      total 117760K, used 5324K [0x00000000f5580000, 0x0000000100000000, 0x0000000100000000)
  eden space 61440K, 0% used [0x00000000f5580000,0x00000000f5580000,0x00000000f9180000)
  from space 56320K, 9% used [0x00000000fc880000,0x00000000fcdb31f0,0x00000000fff80000)
  to   space 56320K, 0% used [0x00000000f9180000,0x00000000f9180000,0x00000000fc880000)
 ParOldGen       total 175104K, used 128013K [0x00000000e0000000, 0x00000000eab00000, 0x00000000f5580000)
  object space 175104K, 73% used [0x00000000e0000000,0x00000000e7d035b0,0x00000000eab00000)
 Metaspace       used 74669K, capacity 80235K, committed 80512K, reserved 1118208K
  class space    used 10325K, capacity 11589K, committed 11648K, reserved 1048576K
}
Event: 674.329 GC heap before
{Heap before GC invocations=32 (full 3):
 PSYoungGen      total 117760K, used 66764K [0x00000000f5580000, 0x0000000100000000, 0x0000000100000000)
  eden space 61440K, 100% used [0x00000000f5580000,0x00000000f9180000,0x00000000f9180000)
  from space 56320K, 9% used [0x00000000fc880000,0x00000000fcdb31f0,0x00000000fff80000)
  to   space 56320K, 0% used [0x00000000f9180000,0x00000000f9180000,0x00000000fc880000)
 ParOldGen       total 175104K, used 128013K [0x00000000e0000000, 0x00000000eab00000, 0x00000000f5580000)
  object space 175104K, 73% used [0x00000000e0000000,0x00000000e7d035b0,0x00000000eab00000)
 Metaspace       used 77390K, capacity 82965K, committed 83200K, reserved 1120256K
  class space    used 10492K, capacity 11760K, committed 11776K, reserved 1048576K
Event: 674.356 GC heap after
Heap after GC invocations=32 (full 3):
 PSYoungGen      total 73728K, used 11909K [0x00000000f5580000, 0x00000000ffc00000, 0x0000000100000000)
  eden space 61440K, 0% used [0x00000000f5580000,0x00000000f5580000,0x00000000f9180000)
  from space 12288K, 96% used [0x00000000f9180000,0x00000000f9d21718,0x00000000f9d80000)
  to   space 54272K, 0% used [0x00000000fc700000,0x00000000fc700000,0x00000000ffc00000)
 ParOldGen       total 175104K, used 131653K [0x00000000e0000000, 0x00000000eab00000, 0x00000000f5580000)
  object space 175104K, 75% used [0x00000000e0000000,0x00000000e80916e0,0x00000000eab00000)
 Metaspace       used 77390K, capacity 82965K, committed 83200K, reserved 1120256K
  class space    used 10492K, capacity 11760K, committed 11776K, reserved 1048576K
}
Event: 675.708 GC heap before
{Heap before GC invocations=33 (full 3):
 PSYoungGen      total 73728K, used 73349K [0x00000000f5580000, 0x00000000ffc00000, 0x0000000100000000)
  eden space 61440K, 100% used [0x00000000f5580000,0x00000000f9180000,0x00000000f9180000)
  from space 12288K, 96% used [0x00000000f9180000,0x00000000f9d21718,0x00000000f9d80000)
  to   space 54272K, 0% used [0x00000000fc700000,0x00000000fc700000,0x00000000ffc00000)
 ParOldGen       total 175104K, used 131653K [0x00000000e0000000, 0x00000000eab00000, 0x00000000f5580000)
  object space 175104K, 75% used [0x00000000e0000000,0x00000000e80916e0,0x00000000eab00000)
 Metaspace       used 77620K, capacity 83221K, committed 83456K, reserved 1120256K
  class space    used 10498K, capacity 11768K, committed 11776K, reserved 1048576K
Event: 675.758 GC heap after
Heap after GC invocations=33 (full 3):
 PSYoungGen      total 118784K, used 14064K [0x00000000f5580000, 0x0000000100000000, 0x0000000100000000)
  eden space 64512K, 0% used [0x00000000f5580000,0x00000000f5580000,0x00000000f9480000)
  from space 54272K, 25% used [0x00000000fc700000,0x00000000fd4bc040,0x00000000ffc00000)
  to   space 51712K, 0% used [0x00000000f9480000,0x00000000f9480000,0x00000000fc700000)
 ParOldGen       total 175104K, used 141261K [0x00000000e0000000, 0x00000000eab00000, 0x00000000f5580000)
  object space 175104K, 80% used [0x00000000e0000000,0x00000000e89f3470,0x00000000eab00000)
 Metaspace       used 77620K, capacity 83221K, committed 83456K, reserved 1120256K
  class space    used 10498K, capacity 11768K, committed 11776K, reserved 1048576K
}
Event: 676.937 GC heap before
{Heap before GC invocations=34 (full 3):
 PSYoungGen      total 118784K, used 78576K [0x00000000f5580000, 0x0000000100000000, 0x0000000100000000)
  eden space 64512K, 100% used [0x00000000f5580000,0x00000000f9480000,0x00000000f9480000)
  from space 54272K, 25% used [0x00000000fc700000,0x00000000fd4bc040,0x00000000ffc00000)
  to   space 51712K, 0% used [0x00000000f9480000,0x00000000f9480000,0x00000000fc700000)
 ParOldGen       total 175104K, used 141261K [0x00000000e0000000, 0x00000000eab00000, 0x00000000f5580000)
  object space 175104K, 80% used [0x00000000e0000000,0x00000000e89f3470,0x00000000eab00000)
 Metaspace       used 77749K, capacity 83359K, committed 83456K, reserved 1120256K
  class space    used 10499K, capacity 11769K, committed 11776K, reserved 1048576K
Event: 676.981 GC heap after
Heap after GC invocations=34 (full 3):
 PSYoungGen      total 116224K, used 10864K [0x00000000f5580000, 0x00000000ffa80000, 0x0000000100000000)
  eden space 64512K, 0% used [0x00000000f5580000,0x00000000f5580000,0x00000000f9480000)
  from space 51712K, 21% used [0x00000000f9480000,0x00000000f9f1c010,0x00000000fc700000)
  to   space 50176K, 0% used [0x00000000fc980000,0x00000000fc980000,0x00000000ffa80000)
 ParOldGen       total 175104K, used 154917K [0x00000000e0000000, 0x00000000eab00000, 0x00000000f5580000)
  object space 175104K, 88% used [0x00000000e0000000,0x00000000e97494a0,0x00000000eab00000)
 Metaspace       used 77749K, capacity 83359K, committed 83456K, reserved 1120256K
  class space    used 10499K, capacity 11769K, committed 11776K, reserved 1048576K
}
Event: 677.503 GC heap before
{Heap before GC invocations=35 (full 3):
 PSYoungGen      total 116224K, used 75376K [0x00000000f5580000, 0x00000000ffa80000, 0x0000000100000000)
  eden space 64512K, 100% used [0x00000000f5580000,0x00000000f9480000,0x00000000f9480000)
  from space 51712K, 21% used [0x00000000f9480000,0x00000000f9f1c010,0x00000000fc700000)
  to   space 50176K, 0% used [0x00000000fc980000,0x00000000fc980000,0x00000000ffa80000)
 ParOldGen       total 175104K, used 154917K [0x00000000e0000000, 0x00000000eab00000, 0x00000000f5580000)
  object space 175104K, 88% used [0x00000000e0000000,0x00000000e97494a0,0x00000000eab00000)
 Metaspace       used 77824K, capacity 83383K, committed 83456K, reserved 1120256K
  class space    used 10501K, capacity 11773K, committed 11776K, reserved 1048576K
Event: 677.558 GC heap after
Heap after GC invocations=35 (full 3):
 PSYoungGen      total 119808K, used 18432K [0x00000000f5580000, 0x00000000ff880000, 0x0000000100000000)
  eden space 71680K, 0% used [0x00000000f5580000,0x00000000f5580000,0x00000000f9b80000)
  from space 48128K, 38% used [0x00000000fc980000,0x00000000fdb80030,0x00000000ff880000)
  to   space 47104K, 0% used [0x00000000f9b80000,0x00000000f9b80000,0x00000000fc980000)
 ParOldGen       total 175104K, used 164639K [0x00000000e0000000, 0x00000000eab00000, 0x00000000f5580000)
  object space 175104K, 94% used [0x00000000e0000000,0x00000000ea0c7eb8,0x00000000eab00000)
 Metaspace       used 77824K, capacity 83383K, committed 83456K, reserved 1120256K
  class space    used 10501K, capacity 11773K, committed 11776K, reserved 1048576K
}
Event: 677.579 GC heap before
{Heap before GC invocations=36 (full 4):
 PSYoungGen      total 119808K, used 18432K [0x00000000f5580000, 0x00000000ff880000, 0x0000000100000000)
  eden space 71680K, 0% used [0x00000000f5580000,0x00000000f5580000,0x00000000f9b80000)
  from space 48128K, 38% used [0x00000000fc980000,0x00000000fdb80030,0x00000000ff880000)
  to   space 47104K, 0% used [0x00000000f9b80000,0x00000000f9b80000,0x00000000fc980000)
 ParOldGen       total 175104K, used 164639K [0x00000000e0000000, 0x00000000eab00000, 0x00000000f5580000)
  object space 175104K, 94% used [0x00000000e0000000,0x00000000ea0c7eb8,0x00000000eab00000)
 Metaspace       used 77824K, capacity 83383K, committed 83456K, reserved 1120256K
  class space    used 10501K, capacity 11773K, committed 11776K, reserved 1048576K

